0 info it worked if it ends with ok
1 verbose cli [ '/usr/bin/node', '/usr/bin/npm', 'start' ]
2 info using npm@3.10.10
3 info using node@v6.11.3
4 verbose stack Error: Invalid name: "Vale Estacionamento"
4 verbose stack     at ensureValidName (/usr/lib/node_modules/npm/node_modules.bundled/normalize-package-data/lib/fixer.js:336:15)
4 verbose stack     at Object.fixNameField (/usr/lib/node_modules/npm/node_modules.bundled/normalize-package-data/lib/fixer.js:215:5)
4 verbose stack     at /usr/lib/node_modules/npm/node_modules.bundled/normalize-package-data/lib/normalize.js:32:38
4 verbose stack     at Array.forEach (native)
4 verbose stack     at normalize (/usr/lib/node_modules/npm/node_modules.bundled/normalize-package-data/lib/normalize.js:31:15)
4 verbose stack     at final (/usr/lib/node_modules/npm/node_modules.bundled/read-package-json/read-json.js:349:5)
4 verbose stack     at then (/usr/lib/node_modules/npm/node_modules.bundled/read-package-json/read-json.js:124:5)
4 verbose stack     at ReadFileContext.<anonymous> (/usr/lib/node_modules/npm/node_modules.bundled/read-package-json/read-json.js:295:20)
4 verbose stack     at ReadFileContext.callback (/usr/lib/node_modules/npm/node_modules.bundled/graceful-fs/graceful-fs.js:78:16)
4 verbose stack     at FSReqWrap.readFileAfterOpen [as oncomplete] (fs.js:367:13)
5 verbose cwd /root/sistemas/vale
6 error Linux 3.10.0-514.26.2.el7.x86_64
7 error argv "/usr/bin/node" "/usr/bin/npm" "start"
8 error node v6.11.3
9 error npm  v3.10.10
10 error Invalid name: "Vale Estacionamento"
11 error If you need help, you may report this error at:
11 error     <https://github.com/npm/npm/issues>
12 verbose exit [ 1, true ]
