0 info it worked if it ends with ok
1 verbose cli [ '/root/.nvm/versions/node/v4.9.1/bin/node',
1 verbose cli   '/root/.nvm/versions/node/v4.9.1/bin/npm',
1 verbose cli   'start' ]
2 info using npm@2.15.11
3 info using node@v4.9.1
4 verbose run-script [ 'prestart', 'start', 'poststart' ]
5 info prestart Bustabit@2.0.0
6 info start Bustabit@2.0.0
7 verbose unsafe-perm in lifecycle true
8 info Bustabit@2.0.0 Failed to exec start script
9 verbose stack Error: Bustabit@2.0.0 start: `env $(cat .env | xargs) node server/index`
9 verbose stack Exit status 1
9 verbose stack     at EventEmitter.<anonymous> (/root/.nvm/versions/node/v4.9.1/lib/node_modules/npm/lib/utils/lifecycle.js:217:16)
9 verbose stack     at emitTwo (events.js:87:13)
9 verbose stack     at EventEmitter.emit (events.js:172:7)
9 verbose stack     at ChildProcess.<anonymous> (/root/.nvm/versions/node/v4.9.1/lib/node_modules/npm/lib/utils/spawn.js:24:14)
9 verbose stack     at emitTwo (events.js:87:13)
9 verbose stack     at ChildProcess.emit (events.js:172:7)
9 verbose stack     at maybeClose (internal/child_process.js:862:16)
9 verbose stack     at Process.ChildProcess._handle.onexit (internal/child_process.js:222:5)
10 verbose pkgid Bustabit@2.0.0
11 verbose cwd /root/sistemas/bustaEOS
12 error Linux 4.15.0-36-generic
13 error argv "/root/.nvm/versions/node/v4.9.1/bin/node" "/root/.nvm/versions/node/v4.9.1/bin/npm" "start"
14 error node v4.9.1
15 error npm  v2.15.11
16 error code ELIFECYCLE
17 error Bustabit@2.0.0 start: `env $(cat .env | xargs) node server/index`
17 error Exit status 1
18 error Failed at the Bustabit@2.0.0 start script 'env $(cat .env | xargs) node server/index'.
18 error This is most likely a problem with the Bustabit package,
18 error not with npm itself.
18 error Tell the author that this fails on your system:
18 error     env $(cat .env | xargs) node server/index
18 error You can get information on how to open an issue for this project with:
18 error     npm bugs Bustabit
18 error Or if that isn't available, you can get their info via:
18 error
18 error     npm owner ls Bustabit
18 error There is likely additional logging output above.
19 verbose exit [ 1, true ]
